<?xml version="1.0" encoding="UTF-8"?>
<testsuite xmlns:xsi="http://www.w3.org/2001/XMLSchema-instance" xsi:noNamespaceSchemaLocation="https://maven.apache.org/surefire/maven-surefire-plugin/xsd/surefire-test-report.xsd" name="com.edgewalk.service.model.ResponseTest" time="0.123" tests="6" errors="0" skipped="0" failures="0">
  <properties>
[...]
</properties>
  <testcase name="testCapitalCaseSingleWord" classname="com.edgewalk.service.model.ResponseTest" time="0"/>
  <testcase name="testCapitalCaseNumber" classname="com.edgewalk.service.model.ResponseTest" time="0"/>
  <testcase name="testCapitalCaseEmpty" classname="com.edgewalk.service.model.ResponseTest" time="0"/>
  <testcase name="testCapitalCaseSingleCharacter" classname="com.edgewalk.service.model.ResponseTest" time="0"/>
  <testcase name="testCapitalCaseMultipleWords" classname="com.edgewalk.service.model.ResponseTest" time="0.05"/>
  <testcase name="testCapitalCaseMultipleWordsMultipleCharacters" classname="com.edgewalk.service.model.ResponseTest" time="0.02"/>
</testsuite>